#
# A fatal error has been detected by the Java Runtime Environment:
#
#  EXCEPTION_ACCESS_VIOLATION (0xc0000005) at pc=0x00007ff83ad0ac98, pid=6168, tid=0x0000000000001f24
#
# JRE version: Java(TM) SE Runtime Environment (8.0_201-b09) (build 1.8.0_201-b09)
# Java VM: Java HotSpot(TM) 64-Bit Server VM (25.201-b09 mixed mode windows-amd64 compressed oops)
# Problematic frame:
# C  [jprofilerti.dll+0x9ac98]
#
# Failed to write core dump. Minidumps are not enabled by default on client versions of Windows
#
# If you would like to submit a bug report, please visit:
#   http://bugreport.java.com/bugreport/crash.jsp
# The crash happened outside the Java Virtual Machine in native code.
# See problematic frame for where to report the bug.
#

---------------  T H R E A D  ---------------

Current thread (0x0000000019de6000):  JavaThread "_jprofiler_sampler" daemon [_thread_in_native, id=7972, stack(0x000000001a900000,0x000000001aa00000)]

siginfo: ExceptionCode=0xc0000005, reading address 0x000000001884cc90

Registers:
RAX=0x000000001884b820, RBX=0x00007ff83adf7510, RCX=0x000000000000028e, RDX=0x000000000000028e
RSP=0x000000001a9fbd60, RBP=0x000000001a9fbe70, RSI=0x00000000000004d2, RDI=0xffffffffffffffff
R8 =0x00007ff83ad91fef, R9 =0x0000000000000000, R10=0x7efefcfefce0fef8, R11=0x00007ff83ad91fd0
R12=0x0000000000000001, R13=0x0000000000000000, R14=0x0000000000000000, R15=0x00007ff83ad91fd0
RIP=0x00007ff83ad0ac98, EFLAGS=0x0000000000010246

Top of Stack: (sp=0x000000001a9fbd60)
0x000000001a9fbd60:   000000000137ff00 00007ff83accdf39
0x000000001a9fbd70:   ffffffffffffffff 000000000137ff00
0x000000001a9fbd80:   00007ff83ad6a2c8 00007ff83ad91fd0
0x000000001a9fbd90:   0000000000000000 0000000000000000
0x000000001a9fbda0:   0000000000000000 0000000000000000
0x000000001a9fbdb0:   0000000000000000 0000000000000000
0x000000001a9fbdc0:   0000000000000100 00000000000004d2
0x000000001a9fbdd0:   00000000000002c1 0000000019d30b60
0x000000001a9fbde0:   0000000000000000 0000000000000000
0x000000001a9fbdf0:   0000000000000000 0000000000000000
0x000000001a9fbe00:   0000000000000000 0000000000000000
0x000000001a9fbe10:   0000000000000000 00000000000002c1
0x000000001a9fbe20:   0000000000000000 0000000000000000
0x000000001a9fbe30:   0000000000000000 0000000003563c50
0x000000001a9fbe40:   0000000000000000 0000000000000000
0x000000001a9fbe50:   0000000000000000 0000000000000000 

Instructions: (pc=0x00007ff83ad0ac98)
0x00007ff83ad0ac78:   49 83 e9 01 75 e2 8b 43 58 33 d2 f7 35 2f ca 0e
0x00007ff83ad0ac88:   00 48 8b 05 20 ca 0e 00 48 63 ca 48 89 7c 24 10
0x00007ff83ad0ac98:   4c 8b 1c c8 4d 85 db 74 7f 48 8b 7b 28 66 66 66
0x00007ff83ad0aca8:   0f 1f 84 00 00 00 00 00 49 8b 03 48 63 48 30 48 


Register to memory mapping:

RAX=0x000000001884b820 is an unknown value
RBX=0x00007ff83adf7510 is an unknown value
RCX=0x000000000000028e is an unknown value
RDX=0x000000000000028e is an unknown value
RSP=0x000000001a9fbd60 is pointing into the stack for thread: 0x0000000019de6000
RBP=0x000000001a9fbe70 is pointing into the stack for thread: 0x0000000019de6000
RSI=0x00000000000004d2 is an unknown value
RDI=0xffffffffffffffff is an unknown value
R8 =0x00007ff83ad91fef is an unknown value
R9 =0x0000000000000000 is an unknown value
R10=0x7efefcfefce0fef8 is an unknown value
R11=0x00007ff83ad91fd0 is an unknown value
R12=0x0000000000000001 is an unknown value
R13=0x0000000000000000 is an unknown value
R14=0x0000000000000000 is an unknown value
R15=0x00007ff83ad91fd0 is an unknown value


Stack: [0x000000001a900000,0x000000001aa00000],  sp=0x000000001a9fbd60,  free space=1007k
Native frames: (J=compiled Java code, j=interpreted, Vv=VM code, C=native code)
C  [jprofilerti.dll+0x9ac98]
C  [jprofilerti.dll+0x5df39]
C